<?xml version="1.0" encoding="UTF-8"?>
<testsuites name="TestSuite5" time="23.134" tests="1" failures="0" errors="0">
   <testsuite name="TestSuite5" tests="1" failures="0" errors="0" time="23.134" skipped="0" timestamp="18-05-2024T18:51:23" hostname="YG212WY - IN3156889W1.ey.net" id="Test Suites/TestSuite5">
      <properties>
         <property name="deviceName" value=""/>
         <property name="devicePlatform" value=""/>
         <property name="logFolder" value="C:\\Users\\YG212WY\\OneDrive - EY\\Documents\\KatalonLearning\\KatalonLearning\\Reports\\20240518_185110\\TestSuite5\\20240518_185110"/>
         <property name="logFiles" value="C:\\Users\\YG212WY\\OneDrive - EY\\Documents\\KatalonLearning\\KatalonLearning\\Reports\\20240518_185110\\TestSuite5\\20240518_185110\\execution0.log"/>
         <property name="attachments" value=""/>
         <property name="hostName" value="YG212WY - IN3156889W1.ey.net"/>
         <property name="os" value="Windows 10 64bit"/>
         <property name="katalonVersion" value="9.4.0.212"/>
         <property name="browser" value="Chrome 124.0.0.0"/>
         <property name="hostAddress" value="192.168.148.180"/>
         <property name="sessionId" value="5426911a6ba7b8ad54e016d79aac2121"/>
         <property name="seleniumVersion" value="3.141.59"/>
         <property name="proxyInformation" value="ProxyInformation { proxyOption=NO_PROXY, proxyServerType=HTTP, username=, password=********, proxyServerAddress=, proxyServerPort=0, executionList=&quot;&quot;, isApplyToDesiredCapabilities=true }"/>
         <property name="platform" value="Windows 10"/>
      </properties>
      <testcase name="Test Cases/CartCount" time="22.532" classname="Test Cases/CartCount" status="PASSED">
         <system-out><![CDATA[18-05-2024T18:51:23 - [TEST_CASE][PASSED] - Test Cases/CartCount: Test Cases/CartCount

18-05-2024T18:51:25 - [TEST_STEP][PASSED] - openBrowser(""): Browser is opened with url: ''

18-05-2024T18:51:26 - [MESSAGE][INFO] - Starting 'Chrome' driver

18-05-2024T18:51:26 - [MESSAGE][INFO] - Action delay is set to 0 milliseconds

18-05-2024T18:51:36 - [MESSAGE][PASSED] - Browser is opened with url: ''

18-05-2024T18:51:36 - [TEST_STEP][PASSED] - navigateToUrl("https://www.saucedemo.com/v1/index.html"): Navigate to 'https://www.saucedemo.com/v1/index.html' successfully

18-05-2024T18:51:39 - [MESSAGE][PASSED] - Navigate to 'https://www.saucedemo.com/v1/index.html' successfully

18-05-2024T18:51:39 - [TEST_STEP][PASSED] - setText(findTestObject("Object Repository/Multipleproducts/Page_Swag Labs/input_standard_userlocked_out_userproblem_u_db77ac"), "standard_user"): Text 'standard_user' is set on object 'Object Repository/Multipleproducts/Page_Swag Labs/input_standard_userlocked_out_userproblem_u_db77ac'

18-05-2024T18:51:40 - [MESSAGE][PASSED] - Text 'standard_user' is set on object 'Object Repository/Multipleproducts/Page_Swag Labs/input_standard_userlocked_out_userproblem_u_db77ac'

18-05-2024T18:51:40 - [TEST_STEP][PASSED] - setEncryptedText(findTestObject("Object Repository/Multipleproducts/Page_Swag Labs/input_standard_userlocked_out_userproblem_u_3423e9"), "qcu24s4901FyWDTwXGr6XA=="): Text ****** has been set on object 'Object Repository/Multipleproducts/Page_Swag Labs/input_standard_userlocked_out_userproblem_u_3423e9'

18-05-2024T18:51:40 - [MESSAGE][PASSED] - Text ****** has been set on object 'Object Repository/Multipleproducts/Page_Swag Labs/input_standard_userlocked_out_userproblem_u_3423e9'

18-05-2024T18:51:40 - [TEST_STEP][PASSED] - click(findTestObject("Object Repository/Multipleproducts/Page_Swag Labs/input_standard_userlocked_out_userproblem_u_0dff71")): Object: 'Object Repository/Multipleproducts/Page_Swag Labs/input_standard_userlocked_out_userproblem_u_0dff71' is clicked on

18-05-2024T18:51:43 - [MESSAGE][PASSED] - Object: 'Object Repository/Multipleproducts/Page_Swag Labs/input_standard_userlocked_out_userproblem_u_0dff71' is clicked on

18-05-2024T18:51:43 - [TEST_STEP][PASSED] - click(findTestObject("Object Repository/Multipleproducts/Page_Swag Labs/button_ADD TO CART")): Object: 'Object Repository/Multipleproducts/Page_Swag Labs/button_ADD TO CART' is clicked on

18-05-2024T18:51:44 - [MESSAGE][PASSED] - Object: 'Object Repository/Multipleproducts/Page_Swag Labs/button_ADD TO CART' is clicked on

18-05-2024T18:51:44 - [TEST_STEP][PASSED] - click(findTestObject("Object Repository/Multipleproducts/Page_Swag Labs/button_ADD TO CART")): Object: 'Object Repository/Multipleproducts/Page_Swag Labs/button_ADD TO CART' is clicked on

18-05-2024T18:51:44 - [MESSAGE][PASSED] - Object: 'Object Repository/Multipleproducts/Page_Swag Labs/button_ADD TO CART' is clicked on

18-05-2024T18:51:44 - [TEST_STEP][PASSED] - click(findTestObject("Object Repository/Multipleproducts/Page_Swag Labs/button_ADD TO CART")): Object: 'Object Repository/Multipleproducts/Page_Swag Labs/button_ADD TO CART' is clicked on

18-05-2024T18:51:44 - [MESSAGE][PASSED] - Object: 'Object Repository/Multipleproducts/Page_Swag Labs/button_ADD TO CART' is clicked on

18-05-2024T18:51:45 - [TEST_STEP][PASSED] - closeBrowser(): Browser is closed

18-05-2024T18:51:46 - [MESSAGE][PASSED] - Browser is closed]]></system-out>
         <system-err><![CDATA[]]></system-err>
      </testcase>
      <system-out><![CDATA[18-05-2024T18:51:23 - [TEST_SUITE][PASSED] - TestSuite5: Test Cases/CartCount]]></system-out>
      <system-err><![CDATA[]]></system-err>
   </testsuite>
</testsuites>
