<?xml version="1.0" encoding="UTF-8"?>
<testsuites name="TestSuite3" time="21.689" tests="1" failures="0" errors="0">
   <testsuite name="TestSuite3" tests="1" failures="0" errors="0" time="21.689" skipped="0" timestamp="26-05-2024T12:43:43" hostname="YG212WY - IN3156889W1.ey.net" id="Test Suites/TestSuite3">
      <properties>
         <property name="deviceName" value=""/>
         <property name="devicePlatform" value=""/>
         <property name="logFolder" value="C:\\Users\\YG212WY\\OneDrive - EY\\Documents\\KatalonLearning\\KatalonLearning\\Reports\\20240526_124304\\TestSuite3\\20240526_124336"/>
         <property name="logFiles" value="C:\\Users\\YG212WY\\OneDrive - EY\\Documents\\KatalonLearning\\KatalonLearning\\Reports\\20240526_124304\\TestSuite3\\20240526_124336\\execution0.log"/>
         <property name="attachments" value=""/>
         <property name="hostName" value="YG212WY - IN3156889W1.ey.net"/>
         <property name="os" value="Windows 10 64bit"/>
         <property name="katalonVersion" value="9.4.0.212"/>
         <property name="browser" value="Edge Chromium 125"/>
         <property name="hostAddress" value="192.168.1.100"/>
         <property name="sessionId" value="38f6c2f4c7a4ce9e74171ee20d9ef05a"/>
         <property name="seleniumVersion" value="3.141.59"/>
         <property name="proxyInformation" value="ProxyInformation { proxyOption=NO_PROXY, proxyServerType=HTTP, username=, password=********, proxyServerAddress=, proxyServerPort=0, executionList=&quot;&quot;, isApplyToDesiredCapabilities=true }"/>
         <property name="platform" value="Windows 10"/>
      </properties>
      <testcase name="Test Cases/Verifyhomepage" time="21.337" classname="Test Cases/Verifyhomepage" status="PASSED">
         <system-out><![CDATA[26-05-2024T12:43:44 - [TEST_CASE][PASSED] - Test Cases/Verifyhomepage: Test Cases/Verifyhomepage

26-05-2024T12:43:44 - [TEST_STEP][PASSED] - openBrowser(""): Browser is opened with url: ''

26-05-2024T12:43:45 - [MESSAGE][INFO] - Starting 'Edge Chromium' driver

26-05-2024T12:43:48 - [MESSAGE][INFO] - Action delay is set to 0 milliseconds

26-05-2024T12:43:53 - [MESSAGE][PASSED] - Browser is opened with url: ''

26-05-2024T12:43:53 - [TEST_STEP][PASSED] - navigateToUrl("https://www.saucedemo.com/v1/index.html"): Navigate to 'https://www.saucedemo.com/v1/index.html' successfully

26-05-2024T12:43:58 - [MESSAGE][PASSED] - Navigate to 'https://www.saucedemo.com/v1/index.html' successfully

26-05-2024T12:43:58 - [TEST_STEP][PASSED] - setText(findTestObject("Object Repository/homepage/Page_Swag Labs/input_standard_userlocked_out_userproblem_u_db77ac"), "standard_user"): Text 'standard_user' is set on object 'Object Repository/homepage/Page_Swag Labs/input_standard_userlocked_out_userproblem_u_db77ac'

26-05-2024T12:43:59 - [MESSAGE][WARNING] - [SELF-HEALING] Failed to find element with id 'Object Repository/homepage/Page_Swag Labs/input_standard_userlocked_out_userproblem_u_db77ac'. Try using Self-healing.

26-05-2024T12:43:59 - [MESSAGE][WARNING] - [SELF-HEALING] The current locator of test object 'Object Repository/homepage/Page_Swag Labs/input_standard_userlocked_out_userproblem_u_db77ac' was broken. Propose an alternative one: '//input[@id='user-name']'.

26-05-2024T12:44:00 - [MESSAGE][WARNING] - [SELF-HEALING] Failed to find element with id 'Object Repository/homepage/Page_Swag Labs/input_standard_userlocked_out_userproblem_u_db77ac'. Try using Self-healing.

26-05-2024T12:44:00 - [MESSAGE][WARNING] - [SELF-HEALING] The current locator of test object 'Object Repository/homepage/Page_Swag Labs/input_standard_userlocked_out_userproblem_u_db77ac' was broken. Propose an alternative one: '//input[@id='user-name']'.

26-05-2024T12:44:00 - [MESSAGE][PASSED] - Text 'standard_user' is set on object 'Object Repository/homepage/Page_Swag Labs/input_standard_userlocked_out_userproblem_u_db77ac'

26-05-2024T12:44:00 - [TEST_STEP][PASSED] - setEncryptedText(findTestObject("Object Repository/homepage/Page_Swag Labs/input_standard_userlocked_out_userproblem_u_3423e9"), "qcu24s4901FyWDTwXGr6XA=="): Text ****** has been set on object 'Object Repository/homepage/Page_Swag Labs/input_standard_userlocked_out_userproblem_u_3423e9'

26-05-2024T12:44:01 - [MESSAGE][PASSED] - Text ****** has been set on object 'Object Repository/homepage/Page_Swag Labs/input_standard_userlocked_out_userproblem_u_3423e9'

26-05-2024T12:44:01 - [TEST_STEP][PASSED] - sendKeys(findTestObject("Object Repository/homepage/Page_Swag Labs/input_standard_userlocked_out_userproblem_u_3423e9"), Keys.chord(ENTER)): Keys 'ENTER + ' sent to object: 'Object Repository/homepage/Page_Swag Labs/input_standard_userlocked_out_userproblem_u_3423e9'

26-05-2024T12:44:03 - [MESSAGE][PASSED] - Keys 'ENTER + ' sent to object: 'Object Repository/homepage/Page_Swag Labs/input_standard_userlocked_out_userproblem_u_3423e9'

26-05-2024T12:44:03 - [TEST_STEP][PASSED] - verifyElementPresent(findTestObject("Object Repository/homepage/Page_Swag Labs/div_Products"), 0): Object 'Object Repository/homepage/Page_Swag Labs/div_Products' is present

26-05-2024T12:44:04 - [MESSAGE][WARNING] - Timeout '0' is invalid. Using default page load timeout: '30'

26-05-2024T12:44:04 - [MESSAGE][PASSED] - Object 'Object Repository/homepage/Page_Swag Labs/div_Products' is present

26-05-2024T12:44:04 - [TEST_STEP][PASSED] - closeBrowser(): Browser is closed

26-05-2024T12:44:05 - [MESSAGE][PASSED] - Browser is closed]]></system-out>
         <system-err><![CDATA[]]></system-err>
      </testcase>
      <system-out><![CDATA[26-05-2024T12:43:43 - [TEST_SUITE][PASSED] - TestSuite3: Test Cases/Verifyhomepage]]></system-out>
      <system-err><![CDATA[]]></system-err>
   </testsuite>
</testsuites>
