<?xml version="1.0" encoding="UTF-8"?>
<testsuites name="TestSuite5" time="19.544" tests="1" failures="0" errors="0">
   <testsuite name="TestSuite5" tests="1" failures="0" errors="0" time="19.544" skipped="0" timestamp="19-05-2024T13:58:20" hostname="YG212WY - IN3156889W1.ey.net" id="Test Suites/TestSuite5">
      <properties>
         <property name="deviceName" value=""/>
         <property name="devicePlatform" value=""/>
         <property name="logFolder" value="C:\\Users\\YG212WY\\OneDrive - EY\\Documents\\KatalonLearning\\KatalonLearning\\Reports\\20240519_135813\\TestSuite5\\20240519_135814"/>
         <property name="logFiles" value="C:\\Users\\YG212WY\\OneDrive - EY\\Documents\\KatalonLearning\\KatalonLearning\\Reports\\20240519_135813\\TestSuite5\\20240519_135814\\execution0.log"/>
         <property name="attachments" value=""/>
         <property name="hostName" value="YG212WY - IN3156889W1.ey.net"/>
         <property name="os" value="Windows 10 64bit"/>
         <property name="katalonVersion" value="9.4.0.212"/>
         <property name="browser" value="Edge Chromium 125"/>
         <property name="hostAddress" value="192.168.148.180"/>
         <property name="sessionId" value="622b679983972494ac3cff88fb0f4cfd"/>
         <property name="seleniumVersion" value="3.141.59"/>
         <property name="proxyInformation" value="ProxyInformation { proxyOption=NO_PROXY, proxyServerType=HTTP, username=, password=********, proxyServerAddress=, proxyServerPort=0, executionList=&quot;&quot;, isApplyToDesiredCapabilities=true }"/>
         <property name="platform" value="Windows 10"/>
      </properties>
      <testcase name="Test Cases/cartaddremove" time="19.311" classname="Test Cases/cartaddremove" status="PASSED">
         <system-out><![CDATA[19-05-2024T13:58:20 - [TEST_CASE][PASSED] - Test Cases/cartaddremove: Test Cases/cartaddremove

19-05-2024T13:58:20 - [TEST_STEP][PASSED] - openBrowser(""): Browser is opened with url: ''

19-05-2024T13:58:21 - [MESSAGE][INFO] - Starting 'Edge Chromium' driver

19-05-2024T13:58:24 - [MESSAGE][INFO] - Action delay is set to 0 milliseconds

19-05-2024T13:58:27 - [MESSAGE][PASSED] - Browser is opened with url: ''

19-05-2024T13:58:27 - [TEST_STEP][PASSED] - navigateToUrl("https://www.saucedemo.com/v1/index.html"): Navigate to 'https://www.saucedemo.com/v1/index.html' successfully

19-05-2024T13:58:31 - [MESSAGE][PASSED] - Navigate to 'https://www.saucedemo.com/v1/index.html' successfully

19-05-2024T13:58:31 - [TEST_STEP][PASSED] - setText(findTestObject("Object Repository/Cart/Page_Swag Labs/input_standard_userlocked_out_userproblem_u_db77ac"), "standard_user"): Text 'standard_user' is set on object 'Object Repository/Cart/Page_Swag Labs/input_standard_userlocked_out_userproblem_u_db77ac'

19-05-2024T13:58:32 - [MESSAGE][WARNING] - [SELF-HEALING] Failed to find element with id 'Object Repository/Cart/Page_Swag Labs/input_standard_userlocked_out_userproblem_u_db77ac'. Try using Self-healing.

19-05-2024T13:58:32 - [MESSAGE][WARNING] - [SELF-HEALING] The current locator of test object 'Object Repository/Cart/Page_Swag Labs/input_standard_userlocked_out_userproblem_u_db77ac' was broken. Propose an alternative one: '//input[@id='user-name']'.

19-05-2024T13:58:33 - [MESSAGE][WARNING] - [SELF-HEALING] Failed to find element with id 'Object Repository/Cart/Page_Swag Labs/input_standard_userlocked_out_userproblem_u_db77ac'. Try using Self-healing.

19-05-2024T13:58:33 - [MESSAGE][WARNING] - [SELF-HEALING] The current locator of test object 'Object Repository/Cart/Page_Swag Labs/input_standard_userlocked_out_userproblem_u_db77ac' was broken. Propose an alternative one: '//input[@id='user-name']'.

19-05-2024T13:58:33 - [MESSAGE][PASSED] - Text 'standard_user' is set on object 'Object Repository/Cart/Page_Swag Labs/input_standard_userlocked_out_userproblem_u_db77ac'

19-05-2024T13:58:33 - [TEST_STEP][PASSED] - setEncryptedText(findTestObject("Object Repository/Cart/Page_Swag Labs/input_standard_userlocked_out_userproblem_u_3423e9"), "qcu24s4901FyWDTwXGr6XA=="): Text ****** has been set on object 'Object Repository/Cart/Page_Swag Labs/input_standard_userlocked_out_userproblem_u_3423e9'

19-05-2024T13:58:34 - [MESSAGE][PASSED] - Text ****** has been set on object 'Object Repository/Cart/Page_Swag Labs/input_standard_userlocked_out_userproblem_u_3423e9'

19-05-2024T13:58:34 - [TEST_STEP][PASSED] - click(findTestObject("Object Repository/Cart/Page_Swag Labs/input_standard_userlocked_out_userproblem_u_0dff71")): Object: 'Object Repository/Cart/Page_Swag Labs/input_standard_userlocked_out_userproblem_u_0dff71' is clicked on

19-05-2024T13:58:36 - [MESSAGE][PASSED] - Object: 'Object Repository/Cart/Page_Swag Labs/input_standard_userlocked_out_userproblem_u_0dff71' is clicked on

19-05-2024T13:58:36 - [TEST_STEP][PASSED] - click(findTestObject("Object Repository/Cart/Page_Swag Labs/button_ADD TO CART")): Object: 'Object Repository/Cart/Page_Swag Labs/button_ADD TO CART' is clicked on

19-05-2024T13:58:37 - [MESSAGE][PASSED] - Object: 'Object Repository/Cart/Page_Swag Labs/button_ADD TO CART' is clicked on

19-05-2024T13:58:37 - [TEST_STEP][PASSED] - verifyElementText(findTestObject("Object Repository/Cart/Page_Swag Labs/button_REMOVE"), "REMOVE"): Actual text and expected text of test object 'Object Repository/Cart/Page_Swag Labs/button_REMOVE' are matched.

19-05-2024T13:58:37 - [MESSAGE][PASSED] - Actual text and expected text of test object 'Object Repository/Cart/Page_Swag Labs/button_REMOVE' are matched.

19-05-2024T13:58:37 - [TEST_STEP][PASSED] - click(findTestObject("Object Repository/Cart/Page_Swag Labs/button_REMOVE")): Object: 'Object Repository/Cart/Page_Swag Labs/button_REMOVE' is clicked on

19-05-2024T13:58:38 - [MESSAGE][PASSED] - Object: 'Object Repository/Cart/Page_Swag Labs/button_REMOVE' is clicked on

19-05-2024T13:58:38 - [TEST_STEP][PASSED] - verifyElementText(findTestObject("Object Repository/Cart/Page_Swag Labs/button_ADD TO CART"), "ADD TO CART"): Actual text and expected text of test object 'Object Repository/Cart/Page_Swag Labs/button_ADD TO CART' are matched.

19-05-2024T13:58:38 - [MESSAGE][PASSED] - Actual text and expected text of test object 'Object Repository/Cart/Page_Swag Labs/button_ADD TO CART' are matched.

19-05-2024T13:58:38 - [TEST_STEP][PASSED] - closeBrowser(): Browser is closed

19-05-2024T13:58:39 - [MESSAGE][PASSED] - Browser is closed]]></system-out>
         <system-err><![CDATA[]]></system-err>
      </testcase>
      <system-out><![CDATA[19-05-2024T13:58:20 - [TEST_SUITE][PASSED] - TestSuite5: Test Cases/cartaddremove]]></system-out>
      <system-err><![CDATA[]]></system-err>
   </testsuite>
</testsuites>
