<?xml version="1.0" encoding="UTF-8"?>
<testsuites name="VisualTestingSuite" time="19.791" tests="1" failures="0" errors="0">
   <testsuite name="VisualTestingSuite" tests="1" failures="0" errors="0" time="19.791" skipped="0" timestamp="26-05-2024T10:56:23" hostname="YG212WY - IN3156889W1.ey.net" id="Test Suites/VisualTestingSuite">
      <properties>
         <property name="deviceName" value=""/>
         <property name="devicePlatform" value=""/>
         <property name="logFolder" value="C:\\Users\\YG212WY\\OneDrive - EY\\Documents\\KatalonLearning\\KatalonLearning\\Reports\\20240526_105613\\VisualTestingSuite\\20240526_105614"/>
         <property name="logFiles" value="C:\\Users\\YG212WY\\OneDrive - EY\\Documents\\KatalonLearning\\KatalonLearning\\Reports\\20240526_105613\\VisualTestingSuite\\20240526_105614\\execution0.log"/>
         <property name="attachments" value="keyes\keyes-Homepage.png"/>
         <property name="hostName" value="YG212WY - IN3156889W1.ey.net"/>
         <property name="os" value="Windows 10 64bit"/>
         <property name="katalonVersion" value="9.4.0.212"/>
         <property name="browser" value="Chrome 125.0.0.0"/>
         <property name="hostAddress" value="192.168.1.100"/>
         <property name="sessionId" value="2f491a5269a2551362b0aab116e21ff6"/>
         <property name="seleniumVersion" value="3.141.59"/>
         <property name="proxyInformation" value="ProxyInformation { proxyOption=NO_PROXY, proxyServerType=HTTP, username=, password=********, proxyServerAddress=, proxyServerPort=0, executionList=&quot;&quot;, isApplyToDesiredCapabilities=true }"/>
         <property name="platform" value="Windows 10"/>
      </properties>
      <testcase name="Test Cases/VisualTestImageBased" time="18.745" classname="Test Cases/VisualTestImageBased" status="PASSED">
         <system-out><![CDATA[26-05-2024T10:56:24 - [TEST_CASE][PASSED] - Test Cases/VisualTestImageBased: Test Cases/VisualTestImageBased

26-05-2024T10:56:24 - [TEST_STEP][PASSED] - openBrowser(""): Browser is opened with url: ''

26-05-2024T10:56:26 - [MESSAGE][INFO] - Starting 'Chrome' driver

26-05-2024T10:56:26 - [MESSAGE][INFO] - Action delay is set to 0 milliseconds

26-05-2024T10:56:36 - [MESSAGE][PASSED] - Browser is opened with url: ''

26-05-2024T10:56:36 - [TEST_STEP][PASSED] - navigateToUrl("https://petstore.octoperf.com/actions/Catalog.action"): Navigate to 'https://petstore.octoperf.com/actions/Catalog.action' successfully

26-05-2024T10:56:37 - [MESSAGE][PASSED] - Navigate to 'https://petstore.octoperf.com/actions/Catalog.action' successfully

26-05-2024T10:56:37 - [TEST_STEP][PASSED] - takeScreenshotAsCheckpoint("Homepage"): Taking screenshot successfully

26-05-2024T10:56:39 - [MESSAGE][INFO] - 0 hidden object(s)

26-05-2024T10:56:40 - [MESSAGE][PASSED] - Taking screenshot successfully
[[ATTACHMENT|keyes\keyes-Homepage.png]]

26-05-2024T10:56:40 - [TEST_STEP][PASSED] - setText(findTestObject("Object Repository/VisualTesting/Page_JPetStore Demo/input__keyword"), "fish"): Text 'fish' is set on object 'Object Repository/VisualTesting/Page_JPetStore Demo/input__keyword'

26-05-2024T10:56:40 - [MESSAGE][PASSED] - Text 'fish' is set on object 'Object Repository/VisualTesting/Page_JPetStore Demo/input__keyword'

26-05-2024T10:56:40 - [TEST_STEP][PASSED] - click(findTestObject("Object Repository/VisualTesting/Page_JPetStore Demo/input__searchProducts")): Object: 'Object Repository/VisualTesting/Page_JPetStore Demo/input__searchProducts' is clicked on

26-05-2024T10:56:41 - [MESSAGE][PASSED] - Object: 'Object Repository/VisualTesting/Page_JPetStore Demo/input__searchProducts' is clicked on

26-05-2024T10:56:41 - [TEST_STEP][PASSED] - verifyElementText(findTestObject("Object Repository/VisualTesting/Page_JPetStore Demo/td_Goldfish"), "Goldfish"): Actual text and expected text of test object 'Object Repository/VisualTesting/Page_JPetStore Demo/td_Goldfish' are matched.

26-05-2024T10:56:41 - [MESSAGE][PASSED] - Actual text and expected text of test object 'Object Repository/VisualTesting/Page_JPetStore Demo/td_Goldfish' are matched.

26-05-2024T10:56:41 - [TEST_STEP][PASSED] - closeBrowser(): Browser is closed

26-05-2024T10:56:42 - [MESSAGE][PASSED] - Browser is closed]]></system-out>
         <system-err><![CDATA[]]></system-err>
      </testcase>
      <system-out><![CDATA[26-05-2024T10:56:23 - [TEST_SUITE][PASSED] - VisualTestingSuite: Test Cases/VisualTestImageBased]]></system-out>
      <system-err><![CDATA[]]></system-err>
   </testsuite>
</testsuites>
