<?xml version="1.0" encoding="UTF-8"?>
<testsuites name="TestSuite3" time="21.407" tests="1" failures="0" errors="0">
   <testsuite name="TestSuite3" tests="1" failures="0" errors="0" time="21.407" skipped="0" timestamp="19-05-2024T13:56:56" hostname="YG212WY - IN3156889W1.ey.net" id="Test Suites/TestSuite3">
      <properties>
         <property name="deviceName" value=""/>
         <property name="devicePlatform" value=""/>
         <property name="logFolder" value="C:\\Users\\YG212WY\\OneDrive - EY\\Documents\\KatalonLearning\\KatalonLearning\\Reports\\20240519_135647\\TestSuite3\\20240519_135648"/>
         <property name="logFiles" value="C:\\Users\\YG212WY\\OneDrive - EY\\Documents\\KatalonLearning\\KatalonLearning\\Reports\\20240519_135647\\TestSuite3\\20240519_135648\\execution0.log"/>
         <property name="attachments" value=""/>
         <property name="hostName" value="YG212WY - IN3156889W1.ey.net"/>
         <property name="os" value="Windows 10 64bit"/>
         <property name="katalonVersion" value="9.4.0.212"/>
         <property name="browser" value="Edge Chromium 125"/>
         <property name="hostAddress" value="192.168.148.180"/>
         <property name="sessionId" value="029f745f9ff041c9014be2f340fe7f9f"/>
         <property name="seleniumVersion" value="3.141.59"/>
         <property name="proxyInformation" value="ProxyInformation { proxyOption=NO_PROXY, proxyServerType=HTTP, username=, password=********, proxyServerAddress=, proxyServerPort=0, executionList=&quot;&quot;, isApplyToDesiredCapabilities=true }"/>
         <property name="platform" value="Windows 10"/>
      </properties>
      <testcase name="Test Cases/Verifyhomepage" time="21.036" classname="Test Cases/Verifyhomepage" status="PASSED">
         <system-out><![CDATA[19-05-2024T13:56:57 - [TEST_CASE][PASSED] - Test Cases/Verifyhomepage: Test Cases/Verifyhomepage

19-05-2024T13:56:57 - [TEST_STEP][PASSED] - openBrowser(""): Browser is opened with url: ''

19-05-2024T13:56:58 - [MESSAGE][INFO] - Starting 'Edge Chromium' driver

19-05-2024T13:57:02 - [MESSAGE][INFO] - Action delay is set to 0 milliseconds

19-05-2024T13:57:06 - [MESSAGE][PASSED] - Browser is opened with url: ''

19-05-2024T13:57:06 - [TEST_STEP][PASSED] - navigateToUrl("https://www.saucedemo.com/v1/index.html"): Navigate to 'https://www.saucedemo.com/v1/index.html' successfully

19-05-2024T13:57:10 - [MESSAGE][PASSED] - Navigate to 'https://www.saucedemo.com/v1/index.html' successfully

19-05-2024T13:57:10 - [TEST_STEP][PASSED] - setText(findTestObject("Object Repository/homepage/Page_Swag Labs/input_standard_userlocked_out_userproblem_u_db77ac"), "standard_user"): Text 'standard_user' is set on object 'Object Repository/homepage/Page_Swag Labs/input_standard_userlocked_out_userproblem_u_db77ac'

19-05-2024T13:57:11 - [MESSAGE][WARNING] - [SELF-HEALING] Failed to find element with id 'Object Repository/homepage/Page_Swag Labs/input_standard_userlocked_out_userproblem_u_db77ac'. Try using Self-healing.

19-05-2024T13:57:11 - [MESSAGE][WARNING] - [SELF-HEALING] The current locator of test object 'Object Repository/homepage/Page_Swag Labs/input_standard_userlocked_out_userproblem_u_db77ac' was broken. Propose an alternative one: '//input[@id='user-name']'.

19-05-2024T13:57:12 - [MESSAGE][WARNING] - [SELF-HEALING] Failed to find element with id 'Object Repository/homepage/Page_Swag Labs/input_standard_userlocked_out_userproblem_u_db77ac'. Try using Self-healing.

19-05-2024T13:57:12 - [MESSAGE][WARNING] - [SELF-HEALING] The current locator of test object 'Object Repository/homepage/Page_Swag Labs/input_standard_userlocked_out_userproblem_u_db77ac' was broken. Propose an alternative one: '//input[@id='user-name']'.

19-05-2024T13:57:12 - [MESSAGE][PASSED] - Text 'standard_user' is set on object 'Object Repository/homepage/Page_Swag Labs/input_standard_userlocked_out_userproblem_u_db77ac'

19-05-2024T13:57:12 - [TEST_STEP][PASSED] - setEncryptedText(findTestObject("Object Repository/homepage/Page_Swag Labs/input_standard_userlocked_out_userproblem_u_3423e9"), "qcu24s4901FyWDTwXGr6XA=="): Text ****** has been set on object 'Object Repository/homepage/Page_Swag Labs/input_standard_userlocked_out_userproblem_u_3423e9'

19-05-2024T13:57:13 - [MESSAGE][PASSED] - Text ****** has been set on object 'Object Repository/homepage/Page_Swag Labs/input_standard_userlocked_out_userproblem_u_3423e9'

19-05-2024T13:57:13 - [TEST_STEP][PASSED] - sendKeys(findTestObject("Object Repository/homepage/Page_Swag Labs/input_standard_userlocked_out_userproblem_u_3423e9"), Keys.chord(ENTER)): Keys 'ENTER + ' sent to object: 'Object Repository/homepage/Page_Swag Labs/input_standard_userlocked_out_userproblem_u_3423e9'

19-05-2024T13:57:17 - [MESSAGE][PASSED] - Keys 'ENTER + ' sent to object: 'Object Repository/homepage/Page_Swag Labs/input_standard_userlocked_out_userproblem_u_3423e9'

19-05-2024T13:57:17 - [TEST_STEP][PASSED] - verifyElementPresent(findTestObject("Object Repository/homepage/Page_Swag Labs/div_Products"), 0): Object 'Object Repository/homepage/Page_Swag Labs/div_Products' is present

19-05-2024T13:57:17 - [MESSAGE][WARNING] - Timeout '0' is invalid. Using default page load timeout: '30'

19-05-2024T13:57:17 - [MESSAGE][PASSED] - Object 'Object Repository/homepage/Page_Swag Labs/div_Products' is present

19-05-2024T13:57:17 - [TEST_STEP][PASSED] - closeBrowser(): Browser is closed

19-05-2024T13:57:18 - [MESSAGE][PASSED] - Browser is closed]]></system-out>
         <system-err><![CDATA[]]></system-err>
      </testcase>
      <system-out><![CDATA[19-05-2024T13:56:56 - [TEST_SUITE][PASSED] - TestSuite3: Test Cases/Verifyhomepage]]></system-out>
      <system-err><![CDATA[]]></system-err>
   </testsuite>
</testsuites>
