<?xml version="1.0" encoding="UTF-8"?>
<testsuites name="TestSuite2" time="65.781" tests="2" failures="0" errors="0">
   <testsuite name="TestSuite2" tests="2" failures="0" errors="0" time="65.781" skipped="0" timestamp="18-05-2024T18:59:03" hostname="YG212WY - IN3156889W1.ey.net" id="Test Suites/TestSuite2">
      <properties>
         <property name="deviceName" value=""/>
         <property name="devicePlatform" value=""/>
         <property name="logFolder" value="C:\\Users\\YG212WY\\OneDrive - EY\\Documents\\KatalonLearning\\KatalonLearning\\Reports\\20240518_185707\\TestSuite2\\20240518_185712"/>
         <property name="logFiles" value="C:\\Users\\YG212WY\\OneDrive - EY\\Documents\\KatalonLearning\\KatalonLearning\\Reports\\20240518_185707\\TestSuite2\\20240518_185712\\execution0.log"/>
         <property name="attachments" value=""/>
         <property name="hostName" value="YG212WY - IN3156889W1.ey.net"/>
         <property name="os" value="Windows 10 64bit"/>
         <property name="katalonVersion" value="9.4.0.212"/>
         <property name="browser" value="Edge Chromium 124"/>
         <property name="hostAddress" value="192.168.148.180"/>
         <property name="sessionId" value="28be194a52bcf812277680e2bce369d4"/>
         <property name="seleniumVersion" value="3.141.59"/>
         <property name="proxyInformation" value="ProxyInformation { proxyOption=NO_PROXY, proxyServerType=HTTP, username=, password=********, proxyServerAddress=, proxyServerPort=0, executionList=&quot;&quot;, isApplyToDesiredCapabilities=true }"/>
         <property name="platform" value="Windows 10"/>
      </properties>
      <testcase name="Test Cases/SwagLabslogin" time="34.822" classname="Test Cases/SwagLabslogin" status="PASSED">
         <system-out><![CDATA[18-05-2024T18:59:03 - [TEST_CASE][PASSED] - Test Cases/SwagLabslogin: Test Cases/SwagLabslogin

18-05-2024T18:59:04 - [TEST_STEP][PASSED] - openBrowser(""): Browser is opened with url: ''

18-05-2024T18:59:06 - [MESSAGE][INFO] - Starting 'Edge Chromium' driver

18-05-2024T18:59:11 - [MESSAGE][INFO] - Action delay is set to 0 milliseconds

18-05-2024T18:59:19 - [MESSAGE][PASSED] - Browser is opened with url: ''

18-05-2024T18:59:19 - [TEST_STEP][PASSED] - navigateToUrl("https://www.saucedemo.com/v1/index.html"): Navigate to 'https://www.saucedemo.com/v1/index.html' successfully

18-05-2024T18:59:25 - [MESSAGE][PASSED] - Navigate to 'https://www.saucedemo.com/v1/index.html' successfully

18-05-2024T18:59:25 - [TEST_STEP][PASSED] - setText(findTestObject("Object Repository/login/Page_Swag Labs/input_standard_userlocked_out_userproblem_u_db77ac"), "standard_user"): Text 'standard_user' is set on object 'Object Repository/login/Page_Swag Labs/input_standard_userlocked_out_userproblem_u_db77ac'

18-05-2024T18:59:26 - [MESSAGE][WARNING] - [SELF-HEALING] Failed to find element with id 'Object Repository/login/Page_Swag Labs/input_standard_userlocked_out_userproblem_u_db77ac'. Try using Self-healing.

18-05-2024T18:59:27 - [MESSAGE][WARNING] - [SELF-HEALING] The current locator of test object 'Object Repository/login/Page_Swag Labs/input_standard_userlocked_out_userproblem_u_db77ac' was broken. Propose an alternative one: '//input[@id='user-name']'.

18-05-2024T18:59:28 - [MESSAGE][WARNING] - [SELF-HEALING] Failed to find element with id 'Object Repository/login/Page_Swag Labs/input_standard_userlocked_out_userproblem_u_db77ac'. Try using Self-healing.

18-05-2024T18:59:28 - [MESSAGE][WARNING] - [SELF-HEALING] The current locator of test object 'Object Repository/login/Page_Swag Labs/input_standard_userlocked_out_userproblem_u_db77ac' was broken. Propose an alternative one: '//input[@id='user-name']'.

18-05-2024T18:59:29 - [MESSAGE][PASSED] - Text 'standard_user' is set on object 'Object Repository/login/Page_Swag Labs/input_standard_userlocked_out_userproblem_u_db77ac'

18-05-2024T18:59:29 - [TEST_STEP][PASSED] - setEncryptedText(findTestObject("Object Repository/login/Page_Swag Labs/input_standard_userlocked_out_userproblem_u_3423e9"), "qcu24s4901FyWDTwXGr6XA=="): Text ****** has been set on object 'Object Repository/login/Page_Swag Labs/input_standard_userlocked_out_userproblem_u_3423e9'

18-05-2024T18:59:29 - [MESSAGE][WARNING] - [SELF-HEALING] Failed to find element with id 'Object Repository/login/Page_Swag Labs/input_standard_userlocked_out_userproblem_u_3423e9'. Try using Self-healing.

18-05-2024T18:59:30 - [MESSAGE][WARNING] - [SELF-HEALING] The current locator of test object 'Object Repository/login/Page_Swag Labs/input_standard_userlocked_out_userproblem_u_3423e9' was broken. Propose an alternative one: '//input[@id='password']'.

18-05-2024T18:59:30 - [MESSAGE][PASSED] - Text ****** has been set on object 'Object Repository/login/Page_Swag Labs/input_standard_userlocked_out_userproblem_u_3423e9'

18-05-2024T18:59:30 - [TEST_STEP][PASSED] - click(findTestObject("Object Repository/login/Page_Swag Labs/input_standard_userlocked_out_userproblem_u_0dff71")): Object: 'Object Repository/login/Page_Swag Labs/input_standard_userlocked_out_userproblem_u_0dff71' is clicked on

18-05-2024T18:59:31 - [MESSAGE][WARNING] - [SELF-HEALING] Failed to find element with id 'Object Repository/login/Page_Swag Labs/input_standard_userlocked_out_userproblem_u_0dff71'. Try using Self-healing.

18-05-2024T18:59:32 - [MESSAGE][WARNING] - [SELF-HEALING] The current locator of test object 'Object Repository/login/Page_Swag Labs/input_standard_userlocked_out_userproblem_u_0dff71' was broken. Propose an alternative one: '//input[@id='login-button']'.

18-05-2024T18:59:35 - [MESSAGE][PASSED] - Object: 'Object Repository/login/Page_Swag Labs/input_standard_userlocked_out_userproblem_u_0dff71' is clicked on

18-05-2024T18:59:35 - [TEST_STEP][PASSED] - click(findTestObject("Object Repository/login/Page_Swag Labs/button_Open Menu")): Object: 'Object Repository/login/Page_Swag Labs/button_Open Menu' is clicked on

18-05-2024T18:59:35 - [MESSAGE][PASSED] - Object: 'Object Repository/login/Page_Swag Labs/button_Open Menu' is clicked on

18-05-2024T18:59:35 - [TEST_STEP][PASSED] - click(findTestObject("Object Repository/login/Page_Swag Labs/a_Logout")): Object: 'Object Repository/login/Page_Swag Labs/a_Logout' is clicked on

18-05-2024T18:59:36 - [MESSAGE][PASSED] - Object: 'Object Repository/login/Page_Swag Labs/a_Logout' is clicked on

18-05-2024T18:59:36 - [TEST_STEP][PASSED] - closeBrowser(): Browser is closed

18-05-2024T18:59:38 - [MESSAGE][PASSED] - Browser is closed]]></system-out>
         <system-err><![CDATA[]]></system-err>
      </testcase>
      <testcase name="Test Cases/Verifyhomepage" time="30.307" classname="Test Cases/Verifyhomepage" status="PASSED">
         <system-out><![CDATA[18-05-2024T18:59:38 - [TEST_CASE][PASSED] - Test Cases/Verifyhomepage: Test Cases/Verifyhomepage

18-05-2024T18:59:39 - [TEST_STEP][PASSED] - openBrowser(""): Browser is opened with url: ''

18-05-2024T18:59:39 - [MESSAGE][INFO] - Starting 'Edge Chromium' driver

18-05-2024T18:59:43 - [MESSAGE][INFO] - Action delay is set to 0 milliseconds

18-05-2024T18:59:49 - [MESSAGE][PASSED] - Browser is opened with url: ''

18-05-2024T18:59:49 - [TEST_STEP][PASSED] - navigateToUrl("https://www.saucedemo.com/v1/index.html"): Navigate to 'https://www.saucedemo.com/v1/index.html' successfully

18-05-2024T18:59:56 - [MESSAGE][PASSED] - Navigate to 'https://www.saucedemo.com/v1/index.html' successfully

18-05-2024T18:59:56 - [TEST_STEP][PASSED] - setText(findTestObject("Object Repository/homepage/Page_Swag Labs/input_standard_userlocked_out_userproblem_u_db77ac"), "standard_user"): Text 'standard_user' is set on object 'Object Repository/homepage/Page_Swag Labs/input_standard_userlocked_out_userproblem_u_db77ac'

18-05-2024T18:59:57 - [MESSAGE][WARNING] - [SELF-HEALING] Failed to find element with id 'Object Repository/homepage/Page_Swag Labs/input_standard_userlocked_out_userproblem_u_db77ac'. Try using Self-healing.

18-05-2024T18:59:58 - [MESSAGE][WARNING] - [SELF-HEALING] The current locator of test object 'Object Repository/homepage/Page_Swag Labs/input_standard_userlocked_out_userproblem_u_db77ac' was broken. Propose an alternative one: '//input[@id='user-name']'.

18-05-2024T18:59:59 - [MESSAGE][WARNING] - [SELF-HEALING] Failed to find element with id 'Object Repository/homepage/Page_Swag Labs/input_standard_userlocked_out_userproblem_u_db77ac'. Try using Self-healing.

18-05-2024T18:59:59 - [MESSAGE][WARNING] - [SELF-HEALING] The current locator of test object 'Object Repository/homepage/Page_Swag Labs/input_standard_userlocked_out_userproblem_u_db77ac' was broken. Propose an alternative one: '//input[@id='user-name']'.

18-05-2024T19:00:00 - [MESSAGE][PASSED] - Text 'standard_user' is set on object 'Object Repository/homepage/Page_Swag Labs/input_standard_userlocked_out_userproblem_u_db77ac'

18-05-2024T19:00:00 - [TEST_STEP][PASSED] - setEncryptedText(findTestObject("Object Repository/homepage/Page_Swag Labs/input_standard_userlocked_out_userproblem_u_3423e9"), "qcu24s4901FyWDTwXGr6XA=="): Text ****** has been set on object 'Object Repository/homepage/Page_Swag Labs/input_standard_userlocked_out_userproblem_u_3423e9'

18-05-2024T19:00:01 - [MESSAGE][PASSED] - Text ****** has been set on object 'Object Repository/homepage/Page_Swag Labs/input_standard_userlocked_out_userproblem_u_3423e9'

18-05-2024T19:00:01 - [TEST_STEP][PASSED] - sendKeys(findTestObject("Object Repository/homepage/Page_Swag Labs/input_standard_userlocked_out_userproblem_u_3423e9"), Keys.chord(ENTER)): Keys 'ENTER + ' sent to object: 'Object Repository/homepage/Page_Swag Labs/input_standard_userlocked_out_userproblem_u_3423e9'

18-05-2024T19:00:05 - [MESSAGE][PASSED] - Keys 'ENTER + ' sent to object: 'Object Repository/homepage/Page_Swag Labs/input_standard_userlocked_out_userproblem_u_3423e9'

18-05-2024T19:00:05 - [TEST_STEP][PASSED] - verifyElementPresent(findTestObject("Object Repository/homepage/Page_Swag Labs/div_Products"), 0): Object 'Object Repository/homepage/Page_Swag Labs/div_Products' is present

18-05-2024T19:00:06 - [MESSAGE][WARNING] - Timeout '0' is invalid. Using default page load timeout: '30'

18-05-2024T19:00:06 - [MESSAGE][PASSED] - Object 'Object Repository/homepage/Page_Swag Labs/div_Products' is present

18-05-2024T19:00:06 - [TEST_STEP][PASSED] - closeBrowser(): Browser is closed

18-05-2024T19:00:08 - [MESSAGE][PASSED] - Browser is closed]]></system-out>
         <system-err><![CDATA[]]></system-err>
      </testcase>
      <system-out><![CDATA[18-05-2024T18:59:03 - [TEST_SUITE][PASSED] - TestSuite2: Test Cases/Verifyhomepage]]></system-out>
      <system-err><![CDATA[]]></system-err>
   </testsuite>
</testsuites>
