<?xml version="1.0" encoding="UTF-8"?>
<testsuites name="SwagLabsSuite" time="26.214" tests="1" failures="0" errors="0">
   <testsuite name="SwagLabsSuite" tests="1" failures="0" errors="0" time="26.214" skipped="0" timestamp="18-05-2024T15:42:30" hostname="YG212WY - IN3156889W1.ey.net" id="Test Suites/SwagLabsSuite">
      <properties>
         <property name="deviceName" value=""/>
         <property name="devicePlatform" value=""/>
         <property name="logFolder" value="C:\\Users\\YG212WY\\OneDrive - EY\\Documents\\KatalonLearning\\KatalonLearning\\Reports\\20240518_154221\\SwagLabsSuite\\20240518_154221"/>
         <property name="logFiles" value="C:\\Users\\YG212WY\\OneDrive - EY\\Documents\\KatalonLearning\\KatalonLearning\\Reports\\20240518_154221\\SwagLabsSuite\\20240518_154221\\execution0.log"/>
         <property name="attachments" value=""/>
         <property name="hostName" value="YG212WY - IN3156889W1.ey.net"/>
         <property name="os" value="Windows 10 64bit"/>
         <property name="katalonVersion" value="9.4.0.212"/>
         <property name="browser" value="Edge Chromium 124"/>
         <property name="hostAddress" value="192.168.148.180"/>
         <property name="sessionId" value="ce2b7ce8711bda9663946ee0108c7499"/>
         <property name="seleniumVersion" value="3.141.59"/>
         <property name="proxyInformation" value="ProxyInformation { proxyOption=NO_PROXY, proxyServerType=HTTP, username=, password=********, proxyServerAddress=, proxyServerPort=0, executionList=&quot;&quot;, isApplyToDesiredCapabilities=true }"/>
         <property name="platform" value="Windows 10"/>
      </properties>
      <testcase name="Test Cases/SwagLabs" time="25.887" classname="Test Cases/SwagLabs" status="PASSED">
         <system-out><![CDATA[18-05-2024T15:42:30 - [TEST_CASE][PASSED] - Test Cases/SwagLabs: Test Cases/SwagLabs

18-05-2024T15:42:31 - [TEST_STEP][PASSED] - openBrowser(""): Browser is opened with url: ''

18-05-2024T15:42:31 - [MESSAGE][INFO] - Starting 'Edge Chromium' driver

18-05-2024T15:42:35 - [MESSAGE][INFO] - Action delay is set to 0 milliseconds

18-05-2024T15:42:39 - [MESSAGE][PASSED] - Browser is opened with url: ''

18-05-2024T15:42:39 - [TEST_STEP][PASSED] - navigateToUrl("https://www.saucedemo.com/v1/index.html"): Navigate to 'https://www.saucedemo.com/v1/index.html' successfully

18-05-2024T15:42:44 - [MESSAGE][PASSED] - Navigate to 'https://www.saucedemo.com/v1/index.html' successfully

18-05-2024T15:42:44 - [TEST_STEP][PASSED] - setText(findTestObject("Object Repository/SwagLabObject/Page_Swag Labs/input_standard_userlocked_out_userproblem_u_db77ac (1)"), "standard_user"): Text 'standard_user' is set on object 'Object Repository/SwagLabObject/Page_Swag Labs/input_standard_userlocked_out_userproblem_u_db77ac (1)'

18-05-2024T15:42:45 - [MESSAGE][PASSED] - Text 'standard_user' is set on object 'Object Repository/SwagLabObject/Page_Swag Labs/input_standard_userlocked_out_userproblem_u_db77ac (1)'

18-05-2024T15:42:45 - [TEST_STEP][PASSED] - setEncryptedText(findTestObject("Object Repository/SwagLabObject/Page_Swag Labs/input_standard_userlocked_out_userproblem_u_3423e9 (1)"), "qcu24s4901FyWDTwXGr6XA=="): Text ****** has been set on object 'Object Repository/SwagLabObject/Page_Swag Labs/input_standard_userlocked_out_userproblem_u_3423e9 (1)'

18-05-2024T15:42:46 - [MESSAGE][PASSED] - Text ****** has been set on object 'Object Repository/SwagLabObject/Page_Swag Labs/input_standard_userlocked_out_userproblem_u_3423e9 (1)'

18-05-2024T15:42:46 - [TEST_STEP][PASSED] - click(findTestObject("Object Repository/SwagLabObject/Page_Swag Labs/form")): Object: 'Object Repository/SwagLabObject/Page_Swag Labs/form' is clicked on

18-05-2024T15:42:46 - [MESSAGE][PASSED] - Object: 'Object Repository/SwagLabObject/Page_Swag Labs/form' is clicked on

18-05-2024T15:42:46 - [TEST_STEP][PASSED] - click(findTestObject("Object Repository/SwagLabObject/Page_Swag Labs/input_standard_userlocked_out_userproblem_u_0dff71 (1)")): Object: 'Object Repository/SwagLabObject/Page_Swag Labs/input_standard_userlocked_out_userproblem_u_0dff71 (1)' is clicked on

18-05-2024T15:42:48 - [MESSAGE][PASSED] - Object: 'Object Repository/SwagLabObject/Page_Swag Labs/input_standard_userlocked_out_userproblem_u_0dff71 (1)' is clicked on

18-05-2024T15:42:48 - [TEST_STEP][PASSED] - click(findTestObject("Object Repository/SwagLabObject/Page_Swag Labs/button_ADD TO CART (1)")): Object: 'Object Repository/SwagLabObject/Page_Swag Labs/button_ADD TO CART (1)' is clicked on

18-05-2024T15:42:49 - [MESSAGE][PASSED] - Object: 'Object Repository/SwagLabObject/Page_Swag Labs/button_ADD TO CART (1)' is clicked on

18-05-2024T15:42:49 - [TEST_STEP][PASSED] - click(findTestObject("Object Repository/SwagLabObject/Page_Swag Labs/path (1)")): Object: 'Object Repository/SwagLabObject/Page_Swag Labs/path (1)' is clicked on

18-05-2024T15:42:49 - [MESSAGE][WARNING] - [SELF-HEALING] Failed to find element with id 'Object Repository/SwagLabObject/Page_Swag Labs/path (1)'. Try using Self-healing.

18-05-2024T15:42:50 - [MESSAGE][WARNING] - [SELF-HEALING] The current locator of test object 'Object Repository/SwagLabObject/Page_Swag Labs/path (1)' was broken. Propose an alternative one: 'path'.

18-05-2024T15:42:50 - [MESSAGE][PASSED] - Object: 'Object Repository/SwagLabObject/Page_Swag Labs/path (1)' is clicked on

18-05-2024T15:42:50 - [TEST_STEP][PASSED] - click(findTestObject("Object Repository/SwagLabObject/Page_Swag Labs/a_CHECKOUT (1)")): Object: 'Object Repository/SwagLabObject/Page_Swag Labs/a_CHECKOUT (1)' is clicked on

18-05-2024T15:42:51 - [MESSAGE][PASSED] - Object: 'Object Repository/SwagLabObject/Page_Swag Labs/a_CHECKOUT (1)' is clicked on

18-05-2024T15:42:51 - [TEST_STEP][PASSED] - setText(findTestObject("Object Repository/SwagLabObject/Page_Swag Labs/input_Checkout Your Information_first-name (1)"), "karthik"): Text 'karthik' is set on object 'Object Repository/SwagLabObject/Page_Swag Labs/input_Checkout Your Information_first-name (1)'

18-05-2024T15:42:52 - [MESSAGE][PASSED] - Text 'karthik' is set on object 'Object Repository/SwagLabObject/Page_Swag Labs/input_Checkout Your Information_first-name (1)'

18-05-2024T15:42:52 - [TEST_STEP][PASSED] - setText(findTestObject("Object Repository/SwagLabObject/Page_Swag Labs/input_Checkout Your Information_last-name (1)"), "s"): Text 's' is set on object 'Object Repository/SwagLabObject/Page_Swag Labs/input_Checkout Your Information_last-name (1)'

18-05-2024T15:42:52 - [MESSAGE][PASSED] - Text 's' is set on object 'Object Repository/SwagLabObject/Page_Swag Labs/input_Checkout Your Information_last-name (1)'

18-05-2024T15:42:52 - [TEST_STEP][PASSED] - setText(findTestObject("Object Repository/SwagLabObject/Page_Swag Labs/input_Checkout Your Information_postal-code (1)"), "654321"): Text '654321' is set on object 'Object Repository/SwagLabObject/Page_Swag Labs/input_Checkout Your Information_postal-code (1)'

18-05-2024T15:42:53 - [MESSAGE][PASSED] - Text '654321' is set on object 'Object Repository/SwagLabObject/Page_Swag Labs/input_Checkout Your Information_postal-code (1)'

18-05-2024T15:42:53 - [TEST_STEP][PASSED] - click(findTestObject("Object Repository/SwagLabObject/Page_Swag Labs/input_CANCEL_btn_primary cart_button (1)")): Object: 'Object Repository/SwagLabObject/Page_Swag Labs/input_CANCEL_btn_primary cart_button (1)' is clicked on

18-05-2024T15:42:54 - [MESSAGE][PASSED] - Object: 'Object Repository/SwagLabObject/Page_Swag Labs/input_CANCEL_btn_primary cart_button (1)' is clicked on

18-05-2024T15:42:54 - [TEST_STEP][PASSED] - click(findTestObject("Object Repository/SwagLabObject/Page_Swag Labs/a_FINISH (1)")): Object: 'Object Repository/SwagLabObject/Page_Swag Labs/a_FINISH (1)' is clicked on

18-05-2024T15:42:55 - [MESSAGE][PASSED] - Object: 'Object Repository/SwagLabObject/Page_Swag Labs/a_FINISH (1)' is clicked on

18-05-2024T15:42:55 - [TEST_STEP][PASSED] - verifyElementText(findTestObject("Object Repository/SwagLabObject/Page_Swag Labs/h2_THANK YOU FOR YOUR ORDER (1)"), "THANK YOU FOR YOUR ORDER"): Actual text and expected text of test object 'Object Repository/SwagLabObject/Page_Swag Labs/h2_THANK YOU FOR YOUR ORDER (1)' are matched.

18-05-2024T15:42:55 - [MESSAGE][PASSED] - Actual text and expected text of test object 'Object Repository/SwagLabObject/Page_Swag Labs/h2_THANK YOU FOR YOUR ORDER (1)' are matched.

18-05-2024T15:42:55 - [TEST_STEP][PASSED] - closeBrowser(): Browser is closed

18-05-2024T15:42:56 - [MESSAGE][PASSED] - Browser is closed]]></system-out>
         <system-err><![CDATA[]]></system-err>
      </testcase>
      <system-out><![CDATA[18-05-2024T15:42:30 - [TEST_SUITE][PASSED] - SwagLabsSuite: Test Cases/SwagLabs]]></system-out>
      <system-err><![CDATA[]]></system-err>
   </testsuite>
</testsuites>
