<?xml version="1.0" encoding="UTF-8"?>
<testsuites name="TestSuite3" time="42.911" tests="2" failures="0" errors="0">
   <testsuite name="TestSuite3" tests="2" failures="0" errors="0" time="42.911" skipped="0" timestamp="18-05-2024T18:48:04" hostname="YG212WY - IN3156889W1.ey.net" id="Test Suites/TestSuite3">
      <properties>
         <property name="deviceName" value=""/>
         <property name="devicePlatform" value=""/>
         <property name="logFolder" value="C:\\Users\\YG212WY\\OneDrive - EY\\Documents\\KatalonLearning\\KatalonLearning\\Reports\\20240518_184750\\TestSuite3\\20240518_184750"/>
         <property name="logFiles" value="C:\\Users\\YG212WY\\OneDrive - EY\\Documents\\KatalonLearning\\KatalonLearning\\Reports\\20240518_184750\\TestSuite3\\20240518_184750\\execution0.log"/>
         <property name="attachments" value=""/>
         <property name="hostName" value="YG212WY - IN3156889W1.ey.net"/>
         <property name="os" value="Windows 10 64bit"/>
         <property name="katalonVersion" value="9.4.0.212"/>
         <property name="browser" value="Chrome 124.0.0.0"/>
         <property name="hostAddress" value="192.168.148.180"/>
         <property name="sessionId" value="14ca97e39100cc123582a59912095561"/>
         <property name="seleniumVersion" value="3.141.59"/>
         <property name="proxyInformation" value="ProxyInformation { proxyOption=NO_PROXY, proxyServerType=HTTP, username=, password=********, proxyServerAddress=, proxyServerPort=0, executionList=&quot;&quot;, isApplyToDesiredCapabilities=true }"/>
         <property name="platform" value="Windows 10"/>
      </properties>
      <testcase name="Test Cases/Verifyhomepage" time="22.669" classname="Test Cases/Verifyhomepage" status="PASSED">
         <system-out><![CDATA[18-05-2024T18:48:04 - [TEST_CASE][PASSED] - Test Cases/Verifyhomepage: Test Cases/Verifyhomepage

18-05-2024T18:48:05 - [TEST_STEP][PASSED] - openBrowser(""): Browser is opened with url: ''

18-05-2024T18:48:06 - [MESSAGE][INFO] - Starting 'Chrome' driver

18-05-2024T18:48:06 - [MESSAGE][INFO] - Action delay is set to 0 milliseconds

18-05-2024T18:48:17 - [MESSAGE][PASSED] - Browser is opened with url: ''

18-05-2024T18:48:17 - [TEST_STEP][PASSED] - navigateToUrl("https://www.saucedemo.com/v1/index.html"): Navigate to 'https://www.saucedemo.com/v1/index.html' successfully

18-05-2024T18:48:19 - [MESSAGE][PASSED] - Navigate to 'https://www.saucedemo.com/v1/index.html' successfully

18-05-2024T18:48:19 - [TEST_STEP][PASSED] - setText(findTestObject("Object Repository/homepage/Page_Swag Labs/input_standard_userlocked_out_userproblem_u_db77ac"), "standard_user"): Text 'standard_user' is set on object 'Object Repository/homepage/Page_Swag Labs/input_standard_userlocked_out_userproblem_u_db77ac'

18-05-2024T18:48:19 - [MESSAGE][WARNING] - [SELF-HEALING] Failed to find element with id 'Object Repository/homepage/Page_Swag Labs/input_standard_userlocked_out_userproblem_u_db77ac'. Try using Self-healing.

18-05-2024T18:48:20 - [MESSAGE][WARNING] - [SELF-HEALING] The current locator of test object 'Object Repository/homepage/Page_Swag Labs/input_standard_userlocked_out_userproblem_u_db77ac' was broken. Propose an alternative one: '//input[@id='user-name']'.

18-05-2024T18:48:20 - [MESSAGE][WARNING] - [SELF-HEALING] Failed to find element with id 'Object Repository/homepage/Page_Swag Labs/input_standard_userlocked_out_userproblem_u_db77ac'. Try using Self-healing.

18-05-2024T18:48:20 - [MESSAGE][WARNING] - [SELF-HEALING] The current locator of test object 'Object Repository/homepage/Page_Swag Labs/input_standard_userlocked_out_userproblem_u_db77ac' was broken. Propose an alternative one: '//input[@id='user-name']'.

18-05-2024T18:48:20 - [MESSAGE][PASSED] - Text 'standard_user' is set on object 'Object Repository/homepage/Page_Swag Labs/input_standard_userlocked_out_userproblem_u_db77ac'

18-05-2024T18:48:20 - [TEST_STEP][PASSED] - setEncryptedText(findTestObject("Object Repository/homepage/Page_Swag Labs/input_standard_userlocked_out_userproblem_u_3423e9"), "qcu24s4901FyWDTwXGr6XA=="): Text ****** has been set on object 'Object Repository/homepage/Page_Swag Labs/input_standard_userlocked_out_userproblem_u_3423e9'

18-05-2024T18:48:21 - [MESSAGE][PASSED] - Text ****** has been set on object 'Object Repository/homepage/Page_Swag Labs/input_standard_userlocked_out_userproblem_u_3423e9'

18-05-2024T18:48:21 - [TEST_STEP][PASSED] - sendKeys(findTestObject("Object Repository/homepage/Page_Swag Labs/input_standard_userlocked_out_userproblem_u_3423e9"), Keys.chord(ENTER)): Keys 'ENTER + ' sent to object: 'Object Repository/homepage/Page_Swag Labs/input_standard_userlocked_out_userproblem_u_3423e9'

18-05-2024T18:48:25 - [MESSAGE][PASSED] - Keys 'ENTER + ' sent to object: 'Object Repository/homepage/Page_Swag Labs/input_standard_userlocked_out_userproblem_u_3423e9'

18-05-2024T18:48:25 - [TEST_STEP][PASSED] - verifyElementPresent(findTestObject("Object Repository/homepage/Page_Swag Labs/div_Products"), 0): Object 'Object Repository/homepage/Page_Swag Labs/div_Products' is present

18-05-2024T18:48:25 - [MESSAGE][WARNING] - Timeout '0' is invalid. Using default page load timeout: '30'

18-05-2024T18:48:25 - [MESSAGE][PASSED] - Object 'Object Repository/homepage/Page_Swag Labs/div_Products' is present

18-05-2024T18:48:25 - [TEST_STEP][PASSED] - closeBrowser(): Browser is closed

18-05-2024T18:48:27 - [MESSAGE][PASSED] - Browser is closed]]></system-out>
         <system-err><![CDATA[]]></system-err>
      </testcase>
      <testcase name="Test Cases/cartaddremove" time="19.69" classname="Test Cases/cartaddremove" status="PASSED">
         <system-out><![CDATA[18-05-2024T18:48:27 - [TEST_CASE][PASSED] - Test Cases/cartaddremove: Test Cases/cartaddremove

18-05-2024T18:48:27 - [TEST_STEP][PASSED] - openBrowser(""): Browser is opened with url: ''

18-05-2024T18:48:27 - [MESSAGE][INFO] - Starting 'Chrome' driver

18-05-2024T18:48:27 - [MESSAGE][INFO] - Action delay is set to 0 milliseconds

18-05-2024T18:48:37 - [MESSAGE][PASSED] - Browser is opened with url: ''

18-05-2024T18:48:37 - [TEST_STEP][PASSED] - navigateToUrl("https://www.saucedemo.com/v1/index.html"): Navigate to 'https://www.saucedemo.com/v1/index.html' successfully

18-05-2024T18:48:40 - [MESSAGE][PASSED] - Navigate to 'https://www.saucedemo.com/v1/index.html' successfully

18-05-2024T18:48:40 - [TEST_STEP][PASSED] - setText(findTestObject("Object Repository/Cart/Page_Swag Labs/input_standard_userlocked_out_userproblem_u_db77ac"), "standard_user"): Text 'standard_user' is set on object 'Object Repository/Cart/Page_Swag Labs/input_standard_userlocked_out_userproblem_u_db77ac'

18-05-2024T18:48:40 - [MESSAGE][WARNING] - [SELF-HEALING] Failed to find element with id 'Object Repository/Cart/Page_Swag Labs/input_standard_userlocked_out_userproblem_u_db77ac'. Try using Self-healing.

18-05-2024T18:48:40 - [MESSAGE][WARNING] - [SELF-HEALING] The current locator of test object 'Object Repository/Cart/Page_Swag Labs/input_standard_userlocked_out_userproblem_u_db77ac' was broken. Propose an alternative one: '//input[@id='user-name']'.

18-05-2024T18:48:40 - [MESSAGE][WARNING] - [SELF-HEALING] Failed to find element with id 'Object Repository/Cart/Page_Swag Labs/input_standard_userlocked_out_userproblem_u_db77ac'. Try using Self-healing.

18-05-2024T18:48:40 - [MESSAGE][WARNING] - [SELF-HEALING] The current locator of test object 'Object Repository/Cart/Page_Swag Labs/input_standard_userlocked_out_userproblem_u_db77ac' was broken. Propose an alternative one: '//input[@id='user-name']'.

18-05-2024T18:48:40 - [MESSAGE][PASSED] - Text 'standard_user' is set on object 'Object Repository/Cart/Page_Swag Labs/input_standard_userlocked_out_userproblem_u_db77ac'

18-05-2024T18:48:40 - [TEST_STEP][PASSED] - setEncryptedText(findTestObject("Object Repository/Cart/Page_Swag Labs/input_standard_userlocked_out_userproblem_u_3423e9"), "qcu24s4901FyWDTwXGr6XA=="): Text ****** has been set on object 'Object Repository/Cart/Page_Swag Labs/input_standard_userlocked_out_userproblem_u_3423e9'

18-05-2024T18:48:41 - [MESSAGE][PASSED] - Text ****** has been set on object 'Object Repository/Cart/Page_Swag Labs/input_standard_userlocked_out_userproblem_u_3423e9'

18-05-2024T18:48:41 - [TEST_STEP][PASSED] - click(findTestObject("Object Repository/Cart/Page_Swag Labs/input_standard_userlocked_out_userproblem_u_0dff71")): Object: 'Object Repository/Cart/Page_Swag Labs/input_standard_userlocked_out_userproblem_u_0dff71' is clicked on

18-05-2024T18:48:45 - [MESSAGE][PASSED] - Object: 'Object Repository/Cart/Page_Swag Labs/input_standard_userlocked_out_userproblem_u_0dff71' is clicked on

18-05-2024T18:48:45 - [TEST_STEP][PASSED] - click(findTestObject("Object Repository/Cart/Page_Swag Labs/button_ADD TO CART")): Object: 'Object Repository/Cart/Page_Swag Labs/button_ADD TO CART' is clicked on

18-05-2024T18:48:45 - [MESSAGE][PASSED] - Object: 'Object Repository/Cart/Page_Swag Labs/button_ADD TO CART' is clicked on

18-05-2024T18:48:45 - [TEST_STEP][PASSED] - verifyElementText(findTestObject("Object Repository/Cart/Page_Swag Labs/button_REMOVE"), "REMOVE"): Actual text and expected text of test object 'Object Repository/Cart/Page_Swag Labs/button_REMOVE' are matched.

18-05-2024T18:48:45 - [MESSAGE][PASSED] - Actual text and expected text of test object 'Object Repository/Cart/Page_Swag Labs/button_REMOVE' are matched.

18-05-2024T18:48:45 - [TEST_STEP][PASSED] - click(findTestObject("Object Repository/Cart/Page_Swag Labs/button_REMOVE")): Object: 'Object Repository/Cart/Page_Swag Labs/button_REMOVE' is clicked on

18-05-2024T18:48:46 - [MESSAGE][PASSED] - Object: 'Object Repository/Cart/Page_Swag Labs/button_REMOVE' is clicked on

18-05-2024T18:48:46 - [TEST_STEP][PASSED] - verifyElementText(findTestObject("Object Repository/Cart/Page_Swag Labs/button_ADD TO CART"), "ADD TO CART"): Actual text and expected text of test object 'Object Repository/Cart/Page_Swag Labs/button_ADD TO CART' are matched.

18-05-2024T18:48:46 - [MESSAGE][PASSED] - Actual text and expected text of test object 'Object Repository/Cart/Page_Swag Labs/button_ADD TO CART' are matched.

18-05-2024T18:48:46 - [TEST_STEP][PASSED] - closeBrowser(): Browser is closed

18-05-2024T18:48:47 - [MESSAGE][PASSED] - Browser is closed]]></system-out>
         <system-err><![CDATA[]]></system-err>
      </testcase>
      <system-out><![CDATA[18-05-2024T18:48:04 - [TEST_SUITE][PASSED] - TestSuite3: Test Cases/cartaddremove]]></system-out>
      <system-err><![CDATA[]]></system-err>
   </testsuite>
</testsuites>
