<?xml version="1.0" encoding="UTF-8"?>
<testsuites name="TestSUite4" time="20.494" tests="1" failures="0" errors="0">
   <testsuite name="TestSUite4" tests="1" failures="0" errors="0" time="20.494" skipped="0" timestamp="19-05-2024T13:57:35" hostname="YG212WY - IN3156889W1.ey.net" id="Test Suites/TestSUite4">
      <properties>
         <property name="deviceName" value=""/>
         <property name="devicePlatform" value=""/>
         <property name="logFolder" value="C:\\Users\\YG212WY\\OneDrive - EY\\Documents\\KatalonLearning\\KatalonLearning\\Reports\\20240519_135729\\TestSUite4\\20240519_135729"/>
         <property name="logFiles" value="C:\\Users\\YG212WY\\OneDrive - EY\\Documents\\KatalonLearning\\KatalonLearning\\Reports\\20240519_135729\\TestSUite4\\20240519_135729\\execution0.log"/>
         <property name="attachments" value=""/>
         <property name="hostName" value="YG212WY - IN3156889W1.ey.net"/>
         <property name="os" value="Windows 10 64bit"/>
         <property name="katalonVersion" value="9.4.0.212"/>
         <property name="browser" value="Edge Chromium 125"/>
         <property name="hostAddress" value="192.168.148.180"/>
         <property name="sessionId" value="48bc3aa2c4ac09a6ceaf3d945f0f3dca"/>
         <property name="seleniumVersion" value="3.141.59"/>
         <property name="proxyInformation" value="ProxyInformation { proxyOption=NO_PROXY, proxyServerType=HTTP, username=, password=********, proxyServerAddress=, proxyServerPort=0, executionList=&quot;&quot;, isApplyToDesiredCapabilities=true }"/>
         <property name="platform" value="Windows 10"/>
      </properties>
      <testcase name="Test Cases/CartCount" time="20.125" classname="Test Cases/CartCount" status="PASSED">
         <system-out><![CDATA[19-05-2024T13:57:35 - [TEST_CASE][PASSED] - Test Cases/CartCount: Test Cases/CartCount

19-05-2024T13:57:36 - [TEST_STEP][PASSED] - openBrowser(""): Browser is opened with url: ''

19-05-2024T13:57:36 - [MESSAGE][INFO] - Starting 'Edge Chromium' driver

19-05-2024T13:57:40 - [MESSAGE][INFO] - Action delay is set to 0 milliseconds

19-05-2024T13:57:43 - [MESSAGE][PASSED] - Browser is opened with url: ''

19-05-2024T13:57:43 - [TEST_STEP][PASSED] - navigateToUrl("https://www.saucedemo.com/v1/index.html"): Navigate to 'https://www.saucedemo.com/v1/index.html' successfully

19-05-2024T13:57:48 - [MESSAGE][PASSED] - Navigate to 'https://www.saucedemo.com/v1/index.html' successfully

19-05-2024T13:57:48 - [TEST_STEP][PASSED] - setText(findTestObject("Object Repository/Multipleproducts/Page_Swag Labs/input_standard_userlocked_out_userproblem_u_db77ac"), "standard_user"): Text 'standard_user' is set on object 'Object Repository/Multipleproducts/Page_Swag Labs/input_standard_userlocked_out_userproblem_u_db77ac'

19-05-2024T13:57:49 - [MESSAGE][PASSED] - Text 'standard_user' is set on object 'Object Repository/Multipleproducts/Page_Swag Labs/input_standard_userlocked_out_userproblem_u_db77ac'

19-05-2024T13:57:49 - [TEST_STEP][PASSED] - setEncryptedText(findTestObject("Object Repository/Multipleproducts/Page_Swag Labs/input_standard_userlocked_out_userproblem_u_3423e9"), "qcu24s4901FyWDTwXGr6XA=="): Text ****** has been set on object 'Object Repository/Multipleproducts/Page_Swag Labs/input_standard_userlocked_out_userproblem_u_3423e9'

19-05-2024T13:57:49 - [MESSAGE][PASSED] - Text ****** has been set on object 'Object Repository/Multipleproducts/Page_Swag Labs/input_standard_userlocked_out_userproblem_u_3423e9'

19-05-2024T13:57:49 - [TEST_STEP][PASSED] - click(findTestObject("Object Repository/Multipleproducts/Page_Swag Labs/input_standard_userlocked_out_userproblem_u_0dff71")): Object: 'Object Repository/Multipleproducts/Page_Swag Labs/input_standard_userlocked_out_userproblem_u_0dff71' is clicked on

19-05-2024T13:57:53 - [MESSAGE][PASSED] - Object: 'Object Repository/Multipleproducts/Page_Swag Labs/input_standard_userlocked_out_userproblem_u_0dff71' is clicked on

19-05-2024T13:57:53 - [TEST_STEP][PASSED] - click(findTestObject("Object Repository/Multipleproducts/Page_Swag Labs/button_ADD TO CART")): Object: 'Object Repository/Multipleproducts/Page_Swag Labs/button_ADD TO CART' is clicked on

19-05-2024T13:57:54 - [MESSAGE][PASSED] - Object: 'Object Repository/Multipleproducts/Page_Swag Labs/button_ADD TO CART' is clicked on

19-05-2024T13:57:54 - [TEST_STEP][PASSED] - click(findTestObject("Object Repository/Multipleproducts/Page_Swag Labs/button_ADD TO CART")): Object: 'Object Repository/Multipleproducts/Page_Swag Labs/button_ADD TO CART' is clicked on

19-05-2024T13:57:54 - [MESSAGE][PASSED] - Object: 'Object Repository/Multipleproducts/Page_Swag Labs/button_ADD TO CART' is clicked on

19-05-2024T13:57:54 - [TEST_STEP][PASSED] - click(findTestObject("Object Repository/Multipleproducts/Page_Swag Labs/button_ADD TO CART")): Object: 'Object Repository/Multipleproducts/Page_Swag Labs/button_ADD TO CART' is clicked on

19-05-2024T13:57:55 - [MESSAGE][PASSED] - Object: 'Object Repository/Multipleproducts/Page_Swag Labs/button_ADD TO CART' is clicked on

19-05-2024T13:57:55 - [TEST_STEP][PASSED] - closeBrowser(): Browser is closed

19-05-2024T13:57:55 - [MESSAGE][PASSED] - Browser is closed]]></system-out>
         <system-err><![CDATA[]]></system-err>
      </testcase>
      <system-out><![CDATA[19-05-2024T13:57:35 - [TEST_SUITE][PASSED] - TestSUite4: Test Cases/CartCount]]></system-out>
      <system-err><![CDATA[]]></system-err>
   </testsuite>
</testsuites>
